{"/Users/brianna/MV-Bootcamp/week6/cheese-project/cheese-boards/Board.js": {"path":"/Users/brianna/MV-Bootcamp/week6/cheese-project/cheese-boards/Board.js","statementMap":{"0":{"start":{"line":1,"column":31},"end":{"line":1,"column":49}},"1":{"start":{"line":3,"column":14},"end":{"line":7,"column":2}},"2":{"start":{"line":9,"column":0},"end":{"line":11,"column":2}}},"fnMap":{},"branchMap":{},"s":{"0":1,"1":1,"2":1},"f":{},"b":{},"_coverageSchema":"1a1c01bbd47fc00a2c39e90264f33305004495a9","hash":"2bf5f734c7e882f2cb01ab9fd43c87f9a381af9f"}
,"/Users/brianna/MV-Bootcamp/week6/cheese-project/cheese-boards/Cheese.js": {"path":"/Users/brianna/MV-Bootcamp/week6/cheese-project/cheese-boards/Cheese.js","statementMap":{"0":{"start":{"line":1,"column":31},"end":{"line":1,"column":49}},"1":{"start":{"line":3,"column":15},"end":{"line":6,"column":2}},"2":{"start":{"line":8,"column":0},"end":{"line":10,"column":2}}},"fnMap":{},"branchMap":{},"s":{"0":1,"1":1,"2":1},"f":{},"b":{},"_coverageSchema":"1a1c01bbd47fc00a2c39e90264f33305004495a9","hash":"728dbf93e978b6303eac5e3b27d03efa36912ba3"}
,"/Users/brianna/MV-Bootcamp/week6/cheese-project/cheese-boards/User.js": {"path":"/Users/brianna/MV-Bootcamp/week6/cheese-project/cheese-boards/User.js","statementMap":{"0":{"start":{"line":1,"column":31},"end":{"line":1,"column":49}},"1":{"start":{"line":3,"column":11},"end":{"line":6,"column":2}},"2":{"start":{"line":8,"column":0},"end":{"line":10,"column":2}}},"fnMap":{},"branchMap":{},"s":{"0":1,"1":1,"2":1},"f":{},"b":{},"_coverageSchema":"1a1c01bbd47fc00a2c39e90264f33305004495a9","hash":"5b94159a02af81a41692e17afac122a50fef8c90"}
,"/Users/brianna/MV-Bootcamp/week6/cheese-project/cheese-boards/db.js": {"path":"/Users/brianna/MV-Bootcamp/week6/cheese-project/cheese-boards/db.js","statementMap":{"0":{"start":{"line":1,"column":13},"end":{"line":1,"column":28}},"1":{"start":{"line":2,"column":22},"end":{"line":2,"column":42}},"2":{"start":{"line":4,"column":18},"end":{"line":8,"column":2}},"3":{"start":{"line":9,"column":0},"end":{"line":12,"column":2}}},"fnMap":{},"branchMap":{},"s":{"0":1,"1":1,"2":1,"3":1},"f":{},"b":{},"_coverageSchema":"1a1c01bbd47fc00a2c39e90264f33305004495a9","hash":"5e4906b714f9da38b6f2b000850da07c1641494e"}
,"/Users/brianna/MV-Bootcamp/week6/cheese-project/cheese-boards/index.js": {"path":"/Users/brianna/MV-Bootcamp/week6/cheese-project/cheese-boards/index.js","statementMap":{"0":{"start":{"line":1,"column":16},"end":{"line":1,"column":34}},"1":{"start":{"line":2,"column":17},"end":{"line":2,"column":36}},"2":{"start":{"line":3,"column":15},"end":{"line":3,"column":32}},"3":{"start":{"line":5,"column":0},"end":{"line":5,"column":21}},"4":{"start":{"line":6,"column":0},"end":{"line":6,"column":19}},"5":{"start":{"line":8,"column":0},"end":{"line":8,"column":54}},"6":{"start":{"line":9,"column":0},"end":{"line":9,"column":54}},"7":{"start":{"line":12,"column":0},"end":{"line":16,"column":2}}},"fnMap":{},"branchMap":{},"s":{"0":1,"1":1,"2":1,"3":1,"4":1,"5":1,"6":1,"7":1},"f":{},"b":{},"_coverageSchema":"1a1c01bbd47fc00a2c39e90264f33305004495a9","hash":"d920f0ddc266e67cac2ac102917b41615e98cf89"}
}
